

 Random Forest Regression
Score: 0.9230973059490938
CV mean score:  0.879486471223835
test Prediction:
[1.61 0.53 2.11 1.43 1.77 0.49 1.18 1.83 1.4  1.18 1.94 0.35 0.46 0.37
 0.39 1.62 2.06 1.08 1.51 2.13 0.36 1.7  0.38 2.13 2.11 2.06 2.05 2.09
 0.35 0.37 0.33 0.56 1.36 0.37 0.33 1.7  1.49 0.39]
Mean Absolute Error: 0.15342105263157896
Mean Squared Error: 0.03546052631578947
Mean Root Squared Error: 0.18830965539713962


 Gradient Boosting for Regression
Score: 0.99851703471772
CV mean score:  0.886705792460224
test Prediction:
[1.49695573 0.40600178 1.61668148 1.53088785 1.65705623 0.18459768
 1.00304822 1.43835646 1.53356731 1.19900235 1.94493054 0.20747752
 0.34351474 0.10821539 0.40493688 1.43452882 1.84787913 1.35588596
 1.50513723 1.77842878 0.24100033 1.7686548  0.20747752 1.77842878
 2.1902772  2.03310875 1.77804653 2.34126936 0.20747752 0.20747752
 0.26986003 0.17249233 1.40339955 0.20747752 0.20747752 1.49006223
 1.46538235 0.19942512]
Mean Absolute Error: 0.17289121765535018
Mean Squared Error: 0.06531072219595403
Mean Root Squared Error: 0.25555962552006145


 LinearRegression
coeficients
[-0.24027637  0.28014116  0.51268459 -0.10829664]
Score:
0.9381266079514322
test Prediction:
[1.57370982 0.30361111 2.2611455  1.52321466 1.45678482 0.16110064
 1.15790908 1.67060491 1.27906057 1.20763095 1.79472957 0.14194155
 0.06255021 0.19719648 0.34524002 1.66572513 2.09758055 1.19965799
 1.56728345 1.96304304 0.32453433 1.73227497 0.30847965 1.96304304
 2.29291731 1.74191453 1.9094547  2.13279433 0.14194155 0.27249258
 0.15300768 0.36915889 1.35978097 0.35653493 0.24281187 1.59541758
 1.51114646 0.23717003]
Mean Absolute Error: 0.14430318236084577
Mean Squared Error: 0.04036536440667542
Mean Root Squared Error: 0.2009113346893983


 XGBoost Regression
Score:: 0.9306169632427799
Best params {'booster': 'dart', 'learning_rate': 0.07, 'max_iter': 2, 'n_estimators': 56, 'n_folds': 6, 'objective': 'reg:squarederror'}
Mean Absolute Error: 0.16586047567819293
Mean Squared Error: 0.04449331288565239
Mean Root Squared Error: 0.2109343805207022


 DecisionTree Regression
Score: 0.9611413698074414
CV mean score:  0.9119896661815788
test Prediction:
[1.48       0.3375     1.72222222 1.48       1.76666667 0.21428571
 1.02857143 2.11666667 1.48       1.23333333 2.11666667 0.16666667
 0.21428571 0.16666667 0.2625     1.48       1.875      1.23333333
 1.48       1.875      0.3375     1.76666667 0.3375     1.875
 2.35714286 1.875      1.72222222 2.11666667 0.16666667 0.3375
 0.2625     0.21428571 1.31111111 0.3375     0.2        1.72222222
 1.48       0.21428571]
Mean Absolute Error: 0.15315685045948205
Mean Squared Error: 0.04074166198399437
Mean Root Squared Error: 0.20184563900167468


 SGD REgression
Score: 0.9029027667691274
CV mean score:  0.9006911138996723
test Prediction:
[1.67097057 0.39490342 2.52569577 1.58931197 1.72406224 0.33925729
 1.25068589 1.81771252 1.63705409 1.37742655 1.80212909 0.31310979
 0.26231729 0.34589942 0.30759452 1.6449581  2.07045731 1.38500037
 1.58838028 2.00723736 0.37161114 1.73183123 0.36639662 2.00723736
 2.27377708 1.85571667 2.105907   2.10181933 0.31310979 0.38011666
 0.12520773 0.28487304 1.55695812 0.36167801 0.25480361 1.80385745
 1.58031054 0.32839247]
Mean Absolute Error: 0.1691823667537229
Mean Squared Error:  0.043144986935822464
Root Mean Squared Error:  0.20771371388481422
